This is pdfTeX, Version 3.141592653-2.6-1.40.24 (MiKTeX 22.12) (preloaded format=pdftex 2023.4.4)  7 APR 2023 07:42
entering extended mode
 restricted \write18 enabled.
 %&-line parsing enabled.
**/home/ak2485/Documents/papers/LAProof/bib.bib
(/home/ak2485/Documents/papers/LAProof/bib.bib
! Missing $ inserted.
<inserted text> 
                $
<to be read again> 
                   _
l.11  issue_
            date = {June      2018},
? 
! Emergency stop.
<inserted text> 
                $
<to be read again> 
                   _
l.11  issue_
            date = {June      2018},
End of file on the terminal!

!  ==> Fatal error occurred, no output PDF file produced!
