This is pdfTeX, Version 3.141592653-2.6-1.40.24 (MiKTeX 22.12) (preloaded format=pdflatex 2023.1.24)  7 APR 2023 07:09
entering extended mode
 restricted \write18 enabled.
 %&-line parsing enabled.
**/home/ak2485/Documents/papers/LAProof/lib.tex
(/home/ak2485/Documents/papers/LAProof/lib.tex
LaTeX2e <2021-06-01> patch level 1
L3 programming layer <2021-06-18>
! Undefined control sequence.
l.2 \section
            {Overview of the Library}
? 
! Emergency stop.
l.2 
    
End of file on the terminal!

 
Here is how much of TeX's memory you used:
 18 strings out of 480755
 434 string characters out of 2899351
 289138 words of memory out of 3000000
 17822 multiletter control sequences out of 15000+600000
 403430 words of font info for 27 fonts, out of 8000000 for 9000
 0 hyphenation exceptions out of 8191
 13i,0n,12p,81b,10s stack positions out of 5000i,500n,10000p,200000b,80000s
!  ==> Fatal error occurred, no output PDF file produced!
